c:\users\pc\documents\visual studio 2017\projects\fractal\fractal\debug\vc141.pdb
c:\users\pc\documents\visual studio 2017\projects\fractal\fractal\debug\vc141.idb
c:\users\pc\documents\visual studio 2017\projects\fractal\fractal\debug\file.obj
c:\users\pc\documents\visual studio 2017\projects\fractal\fractal\debug\staticsprite.obj
c:\users\pc\documents\visual studio 2017\projects\fractal\fractal\debug\sprite3d.obj
c:\users\pc\documents\visual studio 2017\projects\fractal\fractal\debug\simplerenderer2d.obj
c:\users\pc\documents\visual studio 2017\projects\fractal\fractal\debug\shadermanager.obj
c:\users\pc\documents\visual studio 2017\projects\fractal\fractal\debug\shaderfactory.obj
c:\users\pc\documents\visual studio 2017\projects\fractal\fractal\debug\shader.obj
c:\users\pc\documents\visual studio 2017\projects\fractal\fractal\debug\vertexarray.obj
c:\users\pc\documents\visual studio 2017\projects\fractal\fractal\debug\indexbuffer.obj
c:\users\pc\documents\visual studio 2017\projects\fractal\fractal\debug\buffer.obj
c:\users\pc\documents\visual studio 2017\projects\fractal\fractal\debug\sprite.obj
c:\users\pc\documents\visual studio 2017\projects\fractal\fractal\debug\fpscamera.obj
c:\users\pc\documents\visual studio 2017\projects\fractal\fractal\debug\camera.obj
c:\users\pc\documents\visual studio 2017\projects\fractal\fractal\debug\batchrenderer2d.obj
c:\users\pc\documents\visual studio 2017\projects\fractal\fractal\debug\input.obj
c:\users\pc\documents\visual studio 2017\projects\fractal\fractal\debug\window.obj
c:\users\pc\documents\visual studio 2017\projects\fractal\fractal\debug\toplayer.obj
c:\users\pc\documents\visual studio 2017\projects\fractal\fractal\debug\cubeslayer.obj
c:\users\pc\documents\visual studio 2017\projects\fractal\fractal\debug\cube.obj
c:\users\pc\documents\visual studio 2017\projects\fractal\fractal\debug\main.obj
c:\users\pc\documents\visual studio 2017\projects\fractal\fractal\debug\fractal.tlog\cl.command.1.tlog
c:\users\pc\documents\visual studio 2017\projects\fractal\fractal\debug\fractal.tlog\cl.read.1.tlog
c:\users\pc\documents\visual studio 2017\projects\fractal\fractal\debug\fractal.tlog\cl.write.1.tlog
c:\users\pc\documents\visual studio 2017\projects\fractal\fractal\debug\fractal.tlog\link.command.1.tlog
c:\users\pc\documents\visual studio 2017\projects\fractal\fractal\debug\fractal.tlog\link.read.1.tlog
c:\users\pc\documents\visual studio 2017\projects\fractal\fractal\debug\fractal.tlog\link.write.1.tlog
